2026-06-10 04:48:41.031 xcodebuild[72601:421347]  DVTFilePathFSEvents: Failed to start fs event stream.
2026-06-10 04:48:41.128 xcodebuild[72601:421346] [MT] DVTDeveloperPaths: Failed to get length of DARWIN_USER_CACHE_DIR from confstr(3), error = Error Domain=NSPOSIXErrorDomain Code=5 "Input/output error". Using NSCachesDirectory instead.
2026-06-10 04:48:41.341 xcodebuild[72601:421348] CoreSimulatorService connection became invalid.  Simulator services will no longer be available.
2026-06-10 04:48:41.341 xcodebuild[72601:421413] Logging connecton invalid: <OS_xpc_error: <dictionary: 0x1fd601560> { count = 1, transaction: 0, voucher = 0x0, contents =
	"XPCErrorDescription" => <string: 0x1fd6016a0> { string cache = 0x0, length = 18, contents = "Connection invalid" }
}>
[-[SimServiceContext sendRequest:]:1751] ERROR : Unable to deliver request ({
    "developer_dir" = "/Applications/Xcode.app/Contents/Developer";
    request = "set_developer_dir";
}) because we are not connected to CoreSimulatorService.
Command line invocation:
    /Applications/Xcode.app/Contents/Developer/usr/bin/xcodebuild -project /Users/secondcomputer/scoreboard/ios/App/App.xcodeproj -scheme App -destination id=BAAD3174-4602-5AD8-9A64-A7023B567CE4 install

[-[SimServiceContext initWithDeveloperDir:connectionType:error:]:432] WARN  : Unable to discover any Simulator runtimes. Developer Directory is /Applications/Xcode.app/Contents/Developer.
[-[SimDiskImageManager init]:175] ERROR : Could not kickstart simdiskimaged; SimDiskImageManager services will not be available: Error Domain=NSPOSIXErrorDomain Code=53 "Software caused connection abort" UserInfo={NSLocalizedDescription=Error returned in reply from CoreSimulatorService: Connection invalid}
[-[SimDiskImageManager _onQueue_checkConnection:]:239] ERROR : simdiskimaged returned error (invalid), marking disconnected.
[-[SimDiskImageManager _onQueue_checkConnection:]:239] ERROR : simdiskimaged returned error (invalid), marking disconnected.
[-[SimServiceContext initWithDeveloperDir:connectionType:error:]_block_invoke:468] ERROR : Could not get list of trusted mount directories: Error Domain=com.apple.CoreSimulator.SimError Code=410 "The service used to manage runtime disk images (simdiskimaged) crashed or is not responding" UserInfo={NSLocalizedDescription=The service used to manage runtime disk images (simdiskimaged) crashed or is not responding}
[-[SimServiceContext sendRequest:reply:error:]:1771] ERROR : Unable to deliver request ({
    request = "notification_subscription";
    "set_path" = "/Users/secondcomputer/Library/Developer/CoreSimulator/Devices";
}) because we are not connected to CoreSimulatorService.
2026-06-10 04:48:41.379 xcodebuild[72601:421347] Error Domain=NSPOSIXErrorDomain Code=61 "Connection refused" UserInfo={NSLocalizedDescription=CoreSimulatorService connection became invalid.  Simulator services will no longer be available.}
[-[SimServiceContext sendRequest:reply:error:]:1771] ERROR : Unable to deliver request ({
    request = "notification_subscription";
    "set_path" = "/Users/secondcomputer/Library/Developer/CoreSimulator/Devices";
}) because we are not connected to CoreSimulatorService.
2026-06-10 04:48:41.380 xcodebuild[72601:421413] Error Domain=NSPOSIXErrorDomain Code=61 "Connection refused" UserInfo={NSLocalizedDescription=CoreSimulatorService connection became invalid.  Simulator services will no longer be available.}
2026-06-10 04:48:41.380 xcodebuild[72601:421347]  IDESimulatorAvailability: startObservingSimulatorUpdates() FAILED to register SimDeviceSet observer
2026-06-10 04:48:41.380 xcodebuild[72601:421413]  iOSSimulator: [SimServiceContext defaultDeviceSetWithError:] returned nil (Error Domain=NSPOSIXErrorDomain Code=61 "Connection refused" UserInfo={NSLocalizedFailureReason=Failed to subscribe to notifications from CoreSimulatorService., NSLocalizedDescription=Failed to initialize simulator device set., NSUnderlyingError=0x9ede8cd50 {Error Domain=NSPOSIXErrorDomain Code=61 "Connection refused" UserInfo={NSLocalizedDescription=CoreSimulatorService connection became invalid.  Simulator services will no longer be available.}}}). Simulator device support disabled.
2026-06-10 04:48:41.382 xcodebuild[72601:421346] [MT] DVTAssertions: Warning in DVTFrameworks/DVTFoundation/FileTypes/DVTFileDataTypeDetection.m:80
Details:  detectedTypeIdentifier (com.apple.binary-property-list) does not conform to matchedTypeIdentifier in MagicFileDataTypeDetector extenson com.apple.property-list. When both are specified, this conformance is required unless overridden by setting allowNonInheritance. extension.identifier:Xcode.MagicFileDataTypeDetector.BinaryPlist
Object:   <DVTFileDataTypeDetectionMagicCache: 0x9ede8dfe0>
Method:   -initWithExtension:
Thread:   <_NSMainThread: 0x1054c6210>{number = 1, name = main}
Please file a bug at https://feedbackassistant.apple.com with this warning message and any useful information you can provide.
2026-06-10 04:48:41.383 xcodebuild[72601:421346] [MT] DVTAssertions: Warning in DVTFrameworks/DVTFoundation/FileTypes/DVTFileDataTypeDetection.m:80
Details:  detectedTypeIdentifier (com.apple.xml-property-list) does not conform to matchedTypeIdentifier in MagicFileDataTypeDetector extenson com.apple.property-list. When both are specified, this conformance is required unless overridden by setting allowNonInheritance. extension.identifier:Xcode.MagicFileDataTypeDetector.XMLPlist
Object:   <DVTFileDataTypeDetectionMagicCache: 0x9ede8fb70>
Method:   -initWithExtension:
Thread:   <_NSMainThread: 0x1054c6210>{number = 1, name = main}
Please file a bug at https://feedbackassistant.apple.com with this warning message and any useful information you can provide.
2026-06-10 04:48:41.425 xcodebuild[72601:421412]  DVTProvisioningProfileManager: Failed to load profile "/Users/secondcomputer/Library/Developer/Xcode/UserData/Provisioning Profiles/69e689dd-b982-4015-bd41-0031f71e853e.mobileprovision" (Error Domain=DVTProvisioningProfileProviderErrorDomain Code=1 "Failed to load profile." UserInfo={NSLocalizedDescription=Failed to load profile., NSLocalizedRecoverySuggestion=Profile is missing the required UUID property.})
2026-06-10 04:48:41.425 xcodebuild[72601:421418]  DVTProvisioningProfileManager: Failed to load profile "/Users/secondcomputer/Library/Developer/Xcode/UserData/Provisioning Profiles/78aa26c6-1c21-47aa-a072-fdad3ae142db.mobileprovision" (Error Domain=DVTProvisioningProfileProviderErrorDomain Code=1 "Failed to load profile." UserInfo={NSLocalizedDescription=Failed to load profile., NSLocalizedRecoverySuggestion=Profile is missing the required UUID property.})
Resolve Package Graph

Package: capapp-spm

Package: unknown

2026-06-10 04:48:41.709 xcodebuild[72601:421346] Writing error result bundle to /var/folders/g_/vl3hjf6s7518r5srzpbzj96r0000gn/T/ResultBundle_2026-10-06_04-48-0041.xcresult
xcodebuild: error: Could not resolve package dependencies:
  sandbox-exec: sandbox_apply: Operation not permitted
  sandbox-exec: sandbox_apply: Operation not permitted

